2026-03-13T07:06:15.784Z CLI debug [main]     Starting main function execution
2026-03-13T07:06:15.784Z CLI debug [main]     Generated binSessionId: b9e3421e-9715-42cd-ae9b-49f8f6a4adcf
2026-03-13T07:06:15.787Z CLI debug [main]     Resolved listen address: unix:/tmp/sdk-platform-b9e3421e-9715-42cd-ae9b-49f8f6a4adcf.sock
2026-03-13T07:06:15.815Z CLI debug     [2026-03-13T07:06:15.815Z][ TEST REPORTING AND ANALYTICS ] Monitoring has started
2026-03-13T07:06:15.862Z CLI debug [core:bin-session]     Starting bin session with config: {"binSessionId":"b9e3421e-9715-42cd-ae9b-49f8f6a4adcf","sdkLanguage":"python","sdkVersion":"1.40.0","pathProject":"/home/ap/Desktop/other/bsad","pathConfig":"/home/ap/Desktop/other/bsad/browserstack.yml","envVars":{"BROWSERSTACK_WRITABLE_DIR":"/home/ap/.browserstack/cli","BROWSERSTACK_BINARY_IS_RUNNING":"True","BROWSERSTACK_CLI_BIN_LISTEN_ADDR":"unix:/tmp/sdk-platform-b9e3421e-9715-42cd-ae9b-49f8f6a4adcf.sock","BROWSERSTACK_USERNAME":"adarshpandey_X6nGu2","BSTACK_COMBINED_BUILD_ID":"#4","BROWSERSTACK_AUTOMATION":"true","BROWSERSTACK_CLI_HOOKS":"true","BROWSERSTACK_ACCESS_KEY":"Crh1gu4hFyCg73XtS8Yp"},"cliArgs":["/home/ap/.local/bin/browserstack-sdk","python","project/main.py"],"frameworks":["python-generic","selenium"],"frameworkVersions":{"selenium":"4.41.0","python-generic":"unknown"},"language":"python","testFramework":"python-generic","clientWorkerId":"131137746206720-10336","platformIndex":"0"}
2026-03-13T07:06:15.869Z CLI info     Config : {"userName":"[REDACTED]","accessKey":"[REDACTED]","platforms":[{"os":"Windows","osVersion":"10","browserName":"Chrome","browserVersion":"120.0"},{"os":"Windows","osVersion":"11","browserName":"Edge","browserVersion":"latest"},{"os":"OS X","osVersion":"Monterey","browserName":"Safari","browserVersion":"15.6"},{"os":"OS X","osVersion":"Ventura","browserName":"Chrome","browserVersion":"latest"},{"deviceName":"iPhone 13","osVersion":"15","browserName":"Chromium","deviceOrientation":"portrait"}],"browserstackLocal":true,"buildName":"browserstack-build-1","projectName":"BrowserStack Sample"}
2026-03-13T07:06:15.890Z CLI info     Should start debug utility: undefined
2026-03-13T07:06:15.894Z CLI debug [sdk:service]  [adarshpandey_X6nGu2]   [b9e3421e-9715-42cd-ae9b-49f8f6a4adcf]  StartBinSession details: {"binSessionId":"b9e3421e-9715-42cd-ae9b-49f8f6a4adcf","sdkLanguage":"python","sdkVersion":"1.40.0","pathProject":"/home/ap/Desktop/other/bsad","pathConfig":"/home/ap/Desktop/other/bsad/browserstack.yml","envVars":{"BROWSERSTACK_WRITABLE_DIR":"/home/ap/.browserstack/cli","BROWSERSTACK_BINARY_IS_RUNNING":"True","BROWSERSTACK_CLI_BIN_LISTEN_ADDR":"unix:/tmp/sdk-platform-b9e3421e-9715-42cd-ae9b-49f8f6a4adcf.sock","BROWSERSTACK_USERNAME":"[REDACTED]","BSTACK_COMBINED_BUILD_ID":"#4","BROWSERSTACK_AUTOMATION":"true","BROWSERSTACK_CLI_HOOKS":"true","BROWSERSTACK_ACCESS_KEY":"[REDACTED]"},"cliArgs":["/home/ap/.local/bin/browserstack-sdk","python","project/main.py"],"frameworks":["python-generic","selenium"],"frameworkVersions":{"selenium":"4.41.0","python-generic":"unknown"},"language":"python","testFramework":"python-generic","clientWorkerId":"131137746206720-10336","platformIndex":"0","id":"b9e3421e-9715-42cd-ae9b-49f8f6a4adcf","config":{"userName":"[REDACTED]","accessKey":"[REDACTED]","platforms":[{"os":"Windows","osVersion":"10","browserName":"Chrome","browserVersion":"120.0"},{"os":"Windows","osVersion":"11","browserName":"Edge","browserVersion":"latest"},{"os":"OS X","osVersion":"Monterey","browserName":"Safari","browserVersion":"15.6"},{"os":"OS X","osVersion":"Ventura","browserName":"Chrome","browserVersion":"latest"},{"deviceName":"iPhone 13","osVersion":"15","browserName":"Chromium","deviceOrientation":"portrait"}],"browserstackLocal":true,"buildName":"browserstack-build-1","projectName":"BrowserStack Sample","testObservability":true,"accessibility":null,"browserstackAutomation":true,"selfHeal":false,"disableAutoCaptureLogs":false,"testhub":true,"additionalPlatforms":[],"additionalParams":{},"testContextOptions":{"skipSessionStatus":false,"skipSessionName":false},"buildIdentifier":"#2","browserStackLocalOptions":{"localIdentifier":"Mar_13_1236_comp_ddtg","key":"[REDACTED]","skipBinaryInitialisation":false}},"ciInfo":{"build_number":null},"versionControlInfo":{"name":"git","sha":"256c74a1f7484d20a272f0a07fbc73f1d05473ff","short_sha":"256c74a1f7","branch":"main","tag":null,"committer":"adarshpandey515 <adarsh.224386101@vcet.edu.in>","committer_date":"2026-03-13T06:55:09.000Z","author":"adarshpandey515 <adarsh.224386101@vcet.edu.in>","author_date":"2026-03-13T06:55:09.000Z","commit_message":"Updated","root":"/home/ap/Desktop/other/bsad","common_git_dir":"/home/ap/Desktop/other/bsad/.git","worktree_git_dir":"/home/ap/Desktop/other/bsad/.git","last_tag":null,"commits_since_last_tag":0,"remotes":[{"name":"main","url":"https://github.com/adarshpandey515/browserstackassignment"},{"name":"origin","url":"https://github.com/adarshpandey515/browserstackassignment.git"}]},"hostInfo":{"hostname":"comp","platform":"linux","type":"Linux","version":"#104~22.04.1-Ubuntu SMP PREEMPT_DYNAMIC Mon Feb 16 20:22:09 UTC ","arch":"x64"},"data":{},"isAppAutomate":false,"browserstackSDK":"python-generic-pythonagent/1.40.0","productMap":{"observability":true,"accessibility":false,"percy":false,"automate":true,"app_automate":false,"turboscale":false,"central_scanner":false,"lts":false}}
2026-03-13T07:06:15.894Z CLI info [testhub:module]  [adarshpandey_X6nGu2]   [b9e3421e-9715-42cd-ae9b-49f8f6a4adcf]  Starting testhub from 10370:0
2026-03-13T07:06:15.895Z CLI debug [testhub:module]  [adarshpandey_X6nGu2]   [b9e3421e-9715-42cd-ae9b-49f8f6a4adcf]  startBuild: payload={"started_at":"2026-03-13T07:06:15.895Z","host_info":{"hostname":"comp","platform":"linux","type":"Linux","version":"#104~22.04.1-Ubuntu SMP PREEMPT_DYNAMIC Mon Feb 16 20:22:09 UTC ","arch":"x64"},"ci_info":{"build_number":null},"version_control":{"name":"git","sha":"256c74a1f7484d20a272f0a07fbc73f1d05473ff","short_sha":"256c74a1f7","branch":"main","tag":null,"committer":"adarshpandey515 <adarsh.224386101@vcet.edu.in>","committer_date":"2026-03-13T06:55:09.000Z","author":"adarshpandey515 <adarsh.224386101@vcet.edu.in>","author_date":"2026-03-13T06:55:09.000Z","commit_message":"Updated","root":"/home/ap/Desktop/other/bsad","common_git_dir":"/home/ap/Desktop/other/bsad/.git","worktree_git_dir":"/home/ap/Desktop/other/bsad/.git","last_tag":null,"commits_since_last_tag":0,"remotes":[{"name":"main","url":"https://github.com/adarshpandey515/browserstackassignment"},{"name":"origin","url":"https://github.com/adarshpandey515/browserstackassignment.git"}]},"project_name":"BrowserStack Sample","name":"browserstack-build-1","build_identifier":"#2","build_run_identifier":null,"description":"","tags":[],"failed_tests_rerun":false,"accessibility":{"settings":{}},"framework_details":{"frameworkName":"python-generic","frameworkVersion":"unknown","sdkVersion":"1.40.0","cliVersion":"1.24.4","language":"python","testFramework":{"name":"selenium","version":"4.41.0"}},"product_map":{"observability":true,"accessibility":null,"percy":false,"automate":true,"app_automate":false,"lts":false},"browserstackAutomation":true,"test_orchestration":{}}
2026-03-13T07:06:15.896Z CLI info  [adarshpandey_X6nGu2]   [b9e3421e-9715-42cd-ae9b-49f8f6a4adcf]  [PRODUCTION] Making POST request to https://sdk.browserstack.com
2026-03-13T07:06:15.896Z CLI debug [core:http]  [adarshpandey_X6nGu2]   [b9e3421e-9715-42cd-ae9b-49f8f6a4adcf]  Sending request to https://sdk.browserstack.com/api/v1/build/start
2026-03-13T07:06:15.897Z CLI debug [selenium]  [adarshpandey_X6nGu2]   [b9e3421e-9715-42cd-ae9b-49f8f6a4adcf]  FindNearestHub called with hubPath: /wd/hub
2026-03-13T07:06:15.898Z CLI debug [selenium]  [adarshpandey_X6nGu2]   [b9e3421e-9715-42cd-ae9b-49f8f6a4adcf]  No cached result or no search in-progress, initiating findNearestHub
2026-03-13T07:06:15.898Z CLI debug [selenium]  [adarshpandey_X6nGu2]   [b9e3421e-9715-42cd-ae9b-49f8f6a4adcf]  Fetching list of next available hubs from BrowserStack
2026-03-13T07:06:15.899Z CLI info  [adarshpandey_X6nGu2]   [b9e3421e-9715-42cd-ae9b-49f8f6a4adcf]  [PRODUCTION] Making GET request to https://hub.browserstack.com
2026-03-13T07:06:15.899Z CLI debug [core:http]  [adarshpandey_X6nGu2]   [b9e3421e-9715-42cd-ae9b-49f8f6a4adcf]  Sending request to https://hub.browserstack.com/next_hubs
2026-03-13T07:06:16.918Z CLI debug [core:http]  [adarshpandey_X6nGu2]   [b9e3421e-9715-42cd-ae9b-49f8f6a4adcf]  Response from https://hub.browserstack.com/next_hubs: 200 OK
2026-03-13T07:06:16.922Z CLI debug [selenium]  [adarshpandey_X6nGu2]   [b9e3421e-9715-42cd-ae9b-49f8f6a4adcf]  Response from https://hub.browserstack.com/next_hubs: 200
2026-03-13T07:06:16.922Z CLI debug [selenium]  [adarshpandey_X6nGu2]   [b9e3421e-9715-42cd-ae9b-49f8f6a4adcf]  Fetched next hubs successfully: {"hubs":["hub-aps.browserstack.com","hub-euw.browserstack.com","hub-apse.browserstack.com"]}
2026-03-13T07:06:16.923Z CLI debug [selenium]  [adarshpandey_X6nGu2]   [b9e3421e-9715-42cd-ae9b-49f8f6a4adcf]  Checking hub availability at https://hub-aps.browserstack.com
2026-03-13T07:06:16.923Z CLI debug [selenium]  [adarshpandey_X6nGu2]   [b9e3421e-9715-42cd-ae9b-49f8f6a4adcf]  Sending request to https://hub-aps.browserstack.com/check
2026-03-13T07:06:16.923Z CLI info  [adarshpandey_X6nGu2]   [b9e3421e-9715-42cd-ae9b-49f8f6a4adcf]  [PRODUCTION] Making GET request to https://hub-aps.browserstack.com
2026-03-13T07:06:16.924Z CLI debug [core:http]  [adarshpandey_X6nGu2]   [b9e3421e-9715-42cd-ae9b-49f8f6a4adcf]  Sending request to https://hub-aps.browserstack.com/check
2026-03-13T07:06:16.925Z CLI debug [selenium]  [adarshpandey_X6nGu2]   [b9e3421e-9715-42cd-ae9b-49f8f6a4adcf]  Checking hub availability at https://hub-euw.browserstack.com
2026-03-13T07:06:16.926Z CLI debug [selenium]  [adarshpandey_X6nGu2]   [b9e3421e-9715-42cd-ae9b-49f8f6a4adcf]  Sending request to https://hub-euw.browserstack.com/check
2026-03-13T07:06:16.926Z CLI info  [adarshpandey_X6nGu2]   [b9e3421e-9715-42cd-ae9b-49f8f6a4adcf]  [PRODUCTION] Making GET request to https://hub-euw.browserstack.com
2026-03-13T07:06:16.926Z CLI debug [core:http]  [adarshpandey_X6nGu2]   [b9e3421e-9715-42cd-ae9b-49f8f6a4adcf]  Sending request to https://hub-euw.browserstack.com/check
2026-03-13T07:06:16.927Z CLI debug [selenium]  [adarshpandey_X6nGu2]   [b9e3421e-9715-42cd-ae9b-49f8f6a4adcf]  Checking hub availability at https://hub-apse.browserstack.com
2026-03-13T07:06:16.927Z CLI debug [selenium]  [adarshpandey_X6nGu2]   [b9e3421e-9715-42cd-ae9b-49f8f6a4adcf]  Sending request to https://hub-apse.browserstack.com/check
2026-03-13T07:06:16.928Z CLI info  [adarshpandey_X6nGu2]   [b9e3421e-9715-42cd-ae9b-49f8f6a4adcf]  [PRODUCTION] Making GET request to https://hub-apse.browserstack.com
2026-03-13T07:06:16.928Z CLI debug [core:http]  [adarshpandey_X6nGu2]   [b9e3421e-9715-42cd-ae9b-49f8f6a4adcf]  Sending request to https://hub-apse.browserstack.com/check
2026-03-13T07:06:16.943Z CLI debug  [adarshpandey_X6nGu2]   [b9e3421e-9715-42cd-ae9b-49f8f6a4adcf]  Not Needed to write this in file request:https://hub.browserstack.com/next_hubs {"name":"request:https://hub.browserstack.com/next_hubs","entryType":"measure","startTime":1773385575899.5354,"duration":1020.0338999996893,"detail":null,"success":true,"failure":null,"worker":"131137746206720-10336","platform":"0"}
2026-03-13T07:06:17.930Z CLI debug [core:http]  [adarshpandey_X6nGu2]   [b9e3421e-9715-42cd-ae9b-49f8f6a4adcf]  Response from https://hub-aps.browserstack.com/check: 200 OK
2026-03-13T07:06:17.930Z CLI debug [selenium]  [adarshpandey_X6nGu2]   [b9e3421e-9715-42cd-ae9b-49f8f6a4adcf]  Response from https://hub-aps.browserstack.com/check: 200 - Hub available
2026-03-13T07:06:17.931Z CLI debug [selenium]  [adarshpandey_X6nGu2]   [b9e3421e-9715-42cd-ae9b-49f8f6a4adcf]  Hub at https://hub-aps.browserstack.com responded successfully with latency: 1007.7387210000306 ms.
2026-03-13T07:06:17.931Z CLI debug [selenium]  [adarshpandey_X6nGu2]   [b9e3421e-9715-42cd-ae9b-49f8f6a4adcf]  Successfully found nearest hub
2026-03-13T07:06:17.932Z CLI debug  [adarshpandey_X6nGu2]   [b9e3421e-9715-42cd-ae9b-49f8f6a4adcf]  Need to write this in file sdk:cli:findNearestHub
2026-03-13T07:06:17.933Z CLI debug  [adarshpandey_X6nGu2]   [b9e3421e-9715-42cd-ae9b-49f8f6a4adcf]  Not Needed to write this in file request:https://hub-aps.browserstack.com/check {"name":"request:https://hub-aps.browserstack.com/check","entryType":"measure","startTime":1773385576924.7454,"duration":1006.0078909997828,"detail":null,"success":true,"failure":null,"worker":"131137746206720-10336","platform":"0"}
2026-03-13T07:06:18.753Z CLI debug [core:http]  [adarshpandey_X6nGu2]   [b9e3421e-9715-42cd-ae9b-49f8f6a4adcf]  Response from https://hub-euw.browserstack.com/check: 200 OK
2026-03-13T07:06:18.754Z CLI debug [selenium]  [adarshpandey_X6nGu2]   [b9e3421e-9715-42cd-ae9b-49f8f6a4adcf]  Response from https://hub-euw.browserstack.com/check: 200 - Hub available
2026-03-13T07:06:18.754Z CLI debug [selenium]  [adarshpandey_X6nGu2]   [b9e3421e-9715-42cd-ae9b-49f8f6a4adcf]  Hub at https://hub-euw.browserstack.com responded successfully with latency: 1828.6450169999152 ms.
2026-03-13T07:06:18.756Z CLI debug  [adarshpandey_X6nGu2]   [b9e3421e-9715-42cd-ae9b-49f8f6a4adcf]  Not Needed to write this in file request:https://hub-euw.browserstack.com/check {"name":"request:https://hub-euw.browserstack.com/check","entryType":"measure","startTime":1773385576926.8645,"duration":1827.3376569999382,"detail":null,"success":true,"failure":null,"worker":"131137746206720-10336","platform":"0"}
2026-03-13T07:06:18.956Z CLI debug [core:http]  [adarshpandey_X6nGu2]   [b9e3421e-9715-42cd-ae9b-49f8f6a4adcf]  Response from https://hub-apse.browserstack.com/check: 200 OK
2026-03-13T07:06:18.956Z CLI debug [selenium]  [adarshpandey_X6nGu2]   [b9e3421e-9715-42cd-ae9b-49f8f6a4adcf]  Response from https://hub-apse.browserstack.com/check: 200 - Hub available
2026-03-13T07:06:18.956Z CLI debug [selenium]  [adarshpandey_X6nGu2]   [b9e3421e-9715-42cd-ae9b-49f8f6a4adcf]  Hub at https://hub-apse.browserstack.com responded successfully with latency: 2029.0635069999844 ms.
2026-03-13T07:06:18.957Z CLI debug  [adarshpandey_X6nGu2]   [b9e3421e-9715-42cd-ae9b-49f8f6a4adcf]  Not Needed to write this in file request:https://hub-apse.browserstack.com/check {"name":"request:https://hub-apse.browserstack.com/check","entryType":"measure","startTime":1773385576928.4392,"duration":2028.1915600001812,"detail":null,"success":true,"failure":null,"worker":"131137746206720-10336","platform":"0"}
2026-03-13T07:06:20.956Z CLI debug [core:http]  [adarshpandey_X6nGu2]   [b9e3421e-9715-42cd-ae9b-49f8f6a4adcf]  Error response from https://sdk.browserstack.com/api/v1/build/start: Network Error getaddrinfo EAI_AGAIN sdk.browserstack.com
2026-03-13T07:06:20.960Z CLI debug [testhub:module]  [adarshpandey_X6nGu2]   [b9e3421e-9715-42cd-ae9b-49f8f6a4adcf]  Central Auth Server returned non 2xx, triggering fallback _0x1e63ce [RequestError]: getaddrinfo EAI_AGAIN sdk.browserstack.com
    at ClientRequest.<anonymous> (/snapshot/browserstack-binary/cli/dist/index.js)
    at Object.onceWrapper (node:events:632:26)
    at ClientRequest.emit (node:events:529:35)
    at ClientRequest.emit (node:domain:489:12)
    at ClientRequest.<anonymous> (/snapshot/browserstack-binary/cli/dist/index.js)
    at TLSSocket.socketErrorListener (node:_http_client:501:9)
    at TLSSocket.emit (node:events:517:28)
    at TLSSocket.emit (node:domain:489:12)
    at emitErrorNT (node:internal/streams/destroy:151:8)
    at emitErrorCloseNT (node:internal/streams/destroy:116:3)
    at GetAddrInfoReqWrap.onlookup [as oncomplete] (node:dns:107:26) {
  code: 'EAI_AGAIN',
  timings: {
    start: 1773385575952,
    socket: 1773385575956,
    lookup: 1773385580955,
    connect: undefined,
    secureConnect: undefined,
    upload: undefined,
    response: undefined,
    end: undefined,
    error: 1773385580955,
    abort: undefined,
    phases: {
      wait: 4,
      dns: 4999,
      tcp: undefined,
      tls: undefined,
      request: undefined,
      firstByte: undefined,
      download: undefined,
      total: 5003
    }
  }
}
2026-03-13T07:06:20.961Z CLI info  [adarshpandey_X6nGu2]   [b9e3421e-9715-42cd-ae9b-49f8f6a4adcf]  [PRODUCTION] Making POST request to https://collector-observability.browserstack.com
2026-03-13T07:06:20.961Z CLI debug [core:http]  [adarshpandey_X6nGu2]   [b9e3421e-9715-42cd-ae9b-49f8f6a4adcf]  Sending request to https://collector-observability.browserstack.com/api/v2/builds
2026-03-13T07:06:20.965Z CLI debug  [adarshpandey_X6nGu2]   [b9e3421e-9715-42cd-ae9b-49f8f6a4adcf]  Not Needed to write this in file request:https://sdk.browserstack.com/api/v1/build/start {"name":"request:https://sdk.browserstack.com/api/v1/build/start","entryType":"measure","startTime":1773385575896.4397,"duration":5060.627642999869,"detail":null,"success":false,"failure":{"name":"RequestError","code":"EAI_AGAIN","timings":{"start":1773385575952,"socket":1773385575956,"lookup":1773385580955,"error":1773385580955,"phases":{"wait":4,"dns":4999,"total":5003}}},"worker":"131137746206720-10336","platform":"0"}
2026-03-13T07:06:25.969Z CLI debug [core:http]  [adarshpandey_X6nGu2]   [b9e3421e-9715-42cd-ae9b-49f8f6a4adcf]  Error response from https://collector-observability.browserstack.com/api/v2/builds: Network Error getaddrinfo EAI_AGAIN collector-observability.browserstack.com
2026-03-13T07:06:25.970Z CLI debug [TEST REPORTING AND ANALYTICS:http]  [adarshpandey_X6nGu2]   [b9e3421e-9715-42cd-ae9b-49f8f6a4adcf]  Error response from undefined: Network Error
2026-03-13T07:06:25.971Z CLI error [testhub:module]  [adarshpandey_X6nGu2]   [b9e3421e-9715-42cd-ae9b-49f8f6a4adcf]  startBuild: error=TypeError: undefined is not iterable (cannot read property Symbol(Symbol.iterator))
    at /snapshot/browserstack-binary/cli/dist/index.js
    at /snapshot/browserstack-binary/cli/dist/index.js
    at process.processTicksAndRejections (node:internal/process/task_queues:95:5)
2026-03-13T07:06:25.972Z CLI error  [adarshpandey_X6nGu2]   [b9e3421e-9715-42cd-ae9b-49f8f6a4adcf]  error invoking callback for eventName: {}
2026-03-13T07:06:25.972Z CLI error  [adarshpandey_X6nGu2]   [b9e3421e-9715-42cd-ae9b-49f8f6a4adcf]  TypeError: undefined is not iterable (cannot read property Symbol(Symbol.iterator))
    at /snapshot/browserstack-binary/cli/dist/index.js
    at /snapshot/browserstack-binary/cli/dist/index.js
    at process.processTicksAndRejections (node:internal/process/task_queues:95:5)
2026-03-13T07:06:25.976Z CLI debug  [adarshpandey_X6nGu2]   [b9e3421e-9715-42cd-ae9b-49f8f6a4adcf]  Firing CLI event for funnel data at sdk/v1/event
2026-03-13T07:06:25.976Z CLI debug [instrumentation:funnel]  [adarshpandey_X6nGu2]   [b9e3421e-9715-42cd-ae9b-49f8f6a4adcf]  Sending request to sdk/v1/event
2026-03-13T07:06:25.976Z CLI info  [adarshpandey_X6nGu2]   [b9e3421e-9715-42cd-ae9b-49f8f6a4adcf]  [PRODUCTION] Making POST request to https://api.browserstack.com
2026-03-13T07:06:25.976Z CLI debug [core:http]  [adarshpandey_X6nGu2]   [b9e3421e-9715-42cd-ae9b-49f8f6a4adcf]  Sending request to https://api.browserstack.com/sdk/v1/event
2026-03-13T07:06:25.982Z CLI debug  [adarshpandey_X6nGu2]   [b9e3421e-9715-42cd-ae9b-49f8f6a4adcf]  Not Needed to write this in file sdk:hook:onStart:_0x2312de {"name":"sdk:hook:onStart:_0x2312de","entryType":"measure","startTime":1773385575894.5256,"duration":10078.141604000237,"detail":null,"success":false,"failure":{},"worker":"131137746206720-10336","platform":"0"}
2026-03-13T07:06:25.982Z CLI debug  [adarshpandey_X6nGu2]   [b9e3421e-9715-42cd-ae9b-49f8f6a4adcf]  Need to write this in file sdk:testhub
2026-03-13T07:06:25.983Z CLI debug  [adarshpandey_X6nGu2]   [b9e3421e-9715-42cd-ae9b-49f8f6a4adcf]  Not Needed to write this in file request:https://collector-observability.browserstack.com/api/v2/builds {"name":"request:https://collector-observability.browserstack.com/api/v2/builds","entryType":"measure","startTime":1773385580962.0518,"duration":5008.570644999854,"detail":null,"success":false,"failure":{"name":"RequestError","code":"EAI_AGAIN","timings":{"start":1773385580964,"socket":1773385580965,"lookup":1773385585968,"error":1773385585968,"phases":{"wait":1,"dns":5003,"total":5004}}},"worker":"131137746206720-10336","platform":"0"}
2026-03-13T07:06:26.540Z CLI debug [core:http]  [adarshpandey_X6nGu2]   [b9e3421e-9715-42cd-ae9b-49f8f6a4adcf]  Response from https://api.browserstack.com/sdk/v1/event: 200 OK
2026-03-13T07:06:26.541Z CLI debug [instrumentation:funnel]  [adarshpandey_X6nGu2]   [b9e3421e-9715-42cd-ae9b-49f8f6a4adcf]  Response from sdk/v1/event: 200
2026-03-13T07:06:26.541Z CLI debug [instrumentation:funnel]  [adarshpandey_X6nGu2]   [b9e3421e-9715-42cd-ae9b-49f8f6a4adcf]  API Event response - {"data":{"message":"SDK Event recorded successfully"},"body":"{\"message\":\"SDK Event recorded successfully\"}","statusCode":200}
2026-03-13T07:06:26.541Z CLI debug [instrumentation:module]  [adarshpandey_X6nGu2]   [b9e3421e-9715-42cd-ae9b-49f8f6a4adcf]  Instrumentation onStart: b9e3421e-9715-42cd-ae9b-49f8f6a4adcf
2026-03-13T07:06:26.541Z CLI debug [TEST REPORTING AND ANALYTICS:module]  [adarshpandey_X6nGu2]   [b9e3421e-9715-42cd-ae9b-49f8f6a4adcf]  onStart: enabled=false testhub=false
2026-03-13T07:06:26.541Z CLI debug [ai:module]  [adarshpandey_X6nGu2]   [b9e3421e-9715-42cd-ae9b-49f8f6a4adcf]  onStart: enabled=false isAuthenticated=undefined
2026-03-13T07:06:26.541Z CLI debug [percy:module]  [adarshpandey_X6nGu2]   [b9e3421e-9715-42cd-ae9b-49f8f6a4adcf]  onStart: enabled=false configured=false
2026-03-13T07:06:26.542Z CLI debug  [adarshpandey_X6nGu2]   [b9e3421e-9715-42cd-ae9b-49f8f6a4adcf]  Sanitizing local args: {"localIdentifier":"Mar_13_1236_comp_ddtg","key":"[REDACTED]","skipBinaryInitialisation":false}
2026-03-13T07:06:26.579Z CLI debug  [adarshpandey_X6nGu2]   [b9e3421e-9715-42cd-ae9b-49f8f6a4adcf]  Not Needed to write this in file sdk:hook:onStart:instrumentation:module {"name":"sdk:hook:onStart:instrumentation:module","entryType":"measure","startTime":1773385585973.0757,"duration":568.3175830002874,"detail":null,"success":false,"failure":{},"worker":"131137746206720-10336","platform":"0"}
2026-03-13T07:06:26.579Z CLI debug  [adarshpandey_X6nGu2]   [b9e3421e-9715-42cd-ae9b-49f8f6a4adcf]  Not Needed to write this in file request:https://api.browserstack.com/sdk/v1/event {"name":"request:https://api.browserstack.com/sdk/v1/event","entryType":"measure","startTime":1773385585976.9248,"duration":563.8051710003056,"detail":null,"success":true,"failure":null,"worker":"131137746206720-10336","platform":"0"}
2026-03-13T07:06:26.579Z CLI debug  [adarshpandey_X6nGu2]   [b9e3421e-9715-42cd-ae9b-49f8f6a4adcf]  Not Needed to write this in file sdk:hook:onStart:observability:module {"name":"sdk:hook:onStart:observability:module","entryType":"measure","startTime":1773385586541.4937,"duration":0.12599999969825149,"detail":null,"success":false,"failure":{},"worker":"131137746206720-10336","platform":"0"}
2026-03-13T07:06:26.580Z CLI debug  [adarshpandey_X6nGu2]   [b9e3421e-9715-42cd-ae9b-49f8f6a4adcf]  Not Needed to write this in file sdk:hook:onStart:accessibility:module {"name":"sdk:hook:onStart:accessibility:module","entryType":"measure","startTime":1773385586541.6663,"duration":0.023887000046670437,"detail":null,"success":false,"failure":{},"worker":"131137746206720-10336","platform":"0"}
2026-03-13T07:06:26.580Z CLI debug  [adarshpandey_X6nGu2]   [b9e3421e-9715-42cd-ae9b-49f8f6a4adcf]  Not Needed to write this in file sdk:hook:onStart:_0x372690 {"name":"sdk:hook:onStart:_0x372690","entryType":"measure","startTime":1773385586541.7178,"duration":0.16273899981752038,"detail":null,"success":false,"failure":{},"worker":"131137746206720-10336","platform":"0"}
2026-03-13T07:06:26.580Z CLI debug  [adarshpandey_X6nGu2]   [b9e3421e-9715-42cd-ae9b-49f8f6a4adcf]  Not Needed to write this in file sdk:hook:onStart:_0x5261d8 {"name":"sdk:hook:onStart:_0x5261d8","entryType":"measure","startTime":1773385586541.9133,"duration":0.15889699989929795,"detail":null,"success":false,"failure":{},"worker":"131137746206720-10336","platform":"0"}
2026-03-13T07:06:26.580Z CLI debug  [adarshpandey_X6nGu2]   [b9e3421e-9715-42cd-ae9b-49f8f6a4adcf]  Need to write this in file sdk:percy
2026-03-13T07:06:26.580Z CLI debug  [adarshpandey_X6nGu2]   [b9e3421e-9715-42cd-ae9b-49f8f6a4adcf]  Need to write this in file sdk:proxy-setup
2026-03-13T07:06:31.997Z CLI debug [local:module]  [adarshpandey_X6nGu2]   [b9e3421e-9715-42cd-ae9b-49f8f6a4adcf]  onStart: b9e3421e-9715-42cd-ae9b-49f8f6a4adcf localIdentifier=Mar_13_1236_comp_ddtg
2026-03-13T07:06:31.998Z CLI debug [app-automate:module]  [adarshpandey_X6nGu2]   [b9e3421e-9715-42cd-ae9b-49f8f6a4adcf]  App handling disabled.
2026-03-13T07:06:31.998Z CLI debug [sdk:service]  [adarshpandey_X6nGu2]   [b9e3421e-9715-42cd-ae9b-49f8f6a4adcf]  onStart hook invoked successfully.
2026-03-13T07:06:31.998Z CLI debug [core:bin-session]  [adarshpandey_X6nGu2]   [b9e3421e-9715-42cd-ae9b-49f8f6a4adcf]  Starting to generate capabilities for all platforms.
2026-03-13T07:06:31.999Z CLI debug [core:bin-session]  [adarshpandey_X6nGu2]   [b9e3421e-9715-42cd-ae9b-49f8f6a4adcf]  Primary platforms to configure: 5, additional: 0)
2026-03-13T07:06:31.999Z CLI debug [core:bin-session]  [adarshpandey_X6nGu2]   [b9e3421e-9715-42cd-ae9b-49f8f6a4adcf]  Processing platform: 0
2026-03-13T07:06:31.999Z CLI debug  [adarshpandey_X6nGu2]   [b9e3421e-9715-42cd-ae9b-49f8f6a4adcf]  Platform caps before processing (isSecondaryDriver=false): {"os":"Windows","osVersion":"10","browserName":"Chrome","browserVersion":"120.0"}
2026-03-13T07:06:32.000Z CLI debug  [adarshpandey_X6nGu2]   [b9e3421e-9715-42cd-ae9b-49f8f6a4adcf]  root caps before processing: {}
2026-03-13T07:06:32.000Z CLI debug  [adarshpandey_X6nGu2]   [b9e3421e-9715-42cd-ae9b-49f8f6a4adcf]  bstack caps before processing: {"userName":"[REDACTED]","accessKey":"[REDACTED]","buildName":"browserstack-build-1","projectName":"BrowserStack Sample","accessibility":null,"buildIdentifier":"#2","os":"Windows","osVersion":"10","browserName":"Chrome","browserVersion":"120.0","hostName":"comp","browserstackSDK":"python-generic-pythonagent/1.40.0"}
2026-03-13T07:06:32.000Z CLI debug  [adarshpandey_X6nGu2]   [b9e3421e-9715-42cd-ae9b-49f8f6a4adcf]  root caps after processing: {}
2026-03-13T07:06:32.000Z CLI debug  [adarshpandey_X6nGu2]   [b9e3421e-9715-42cd-ae9b-49f8f6a4adcf]  bstack caps after processing: {"userName":"[REDACTED]","accessKey":"[REDACTED]","buildName":"browserstack-build-1","projectName":"BrowserStack Sample","accessibility":null,"buildIdentifier":"#2","os":"Windows","osVersion":"10","browserName":"Chrome","browserVersion":"120.0","hostName":"comp","browserstackSDK":"python-generic-pythonagent/1.40.0"}
2026-03-13T07:06:32.000Z CLI debug [core:bin-session]  [adarshpandey_X6nGu2]   [b9e3421e-9715-42cd-ae9b-49f8f6a4adcf]  Generated capabilities for platform 0:, {"browserName":"Chrome","browserVersion":"120.0","bstack:options":{"userName":"[REDACTED]","accessKey":"[REDACTED]","buildName":"browserstack-build-1","projectName":"BrowserStack Sample","accessibility":null,"buildIdentifier":"#2","os":"Windows","osVersion":"10","browserName":"Chrome","browserVersion":"120.0","hostName":"comp","browserstackSDK":"python-generic-pythonagent/1.40.0","buildProductMap":{"observability":true,"accessibility":false,"percy":false,"automate":true,"app_automate":false,"turboscale":false,"central_scanner":false,"lts":false},"useW3C":true,"accessibilityOptions":{}}}
2026-03-13T07:06:32.001Z CLI debug [core:bin-session]  [adarshpandey_X6nGu2]   [b9e3421e-9715-42cd-ae9b-49f8f6a4adcf]  Capabilities set for platform 0
2026-03-13T07:06:32.001Z CLI debug [core:bin-session]  [adarshpandey_X6nGu2]   [b9e3421e-9715-42cd-ae9b-49f8f6a4adcf]  Processing platform: 1
2026-03-13T07:06:32.002Z CLI debug  [adarshpandey_X6nGu2]   [b9e3421e-9715-42cd-ae9b-49f8f6a4adcf]  Platform caps before processing (isSecondaryDriver=false): {"os":"Windows","osVersion":"11","browserName":"Edge","browserVersion":"latest"}
2026-03-13T07:06:32.002Z CLI debug  [adarshpandey_X6nGu2]   [b9e3421e-9715-42cd-ae9b-49f8f6a4adcf]  root caps before processing: {}
2026-03-13T07:06:32.002Z CLI debug  [adarshpandey_X6nGu2]   [b9e3421e-9715-42cd-ae9b-49f8f6a4adcf]  bstack caps before processing: {"userName":"[REDACTED]","accessKey":"[REDACTED]","buildName":"browserstack-build-1","projectName":"BrowserStack Sample","accessibility":null,"buildIdentifier":"#2","os":"Windows","osVersion":"11","browserName":"Edge","browserVersion":"latest","hostName":"comp","browserstackSDK":"python-generic-pythonagent/1.40.0"}
2026-03-13T07:06:32.002Z CLI debug  [adarshpandey_X6nGu2]   [b9e3421e-9715-42cd-ae9b-49f8f6a4adcf]  root caps after processing: {}
2026-03-13T07:06:32.002Z CLI debug  [adarshpandey_X6nGu2]   [b9e3421e-9715-42cd-ae9b-49f8f6a4adcf]  bstack caps after processing: {"userName":"[REDACTED]","accessKey":"[REDACTED]","buildName":"browserstack-build-1","projectName":"BrowserStack Sample","accessibility":null,"buildIdentifier":"#2","os":"Windows","osVersion":"11","browserName":"Edge","browserVersion":"latest","hostName":"comp","browserstackSDK":"python-generic-pythonagent/1.40.0"}
2026-03-13T07:06:32.003Z CLI debug [core:bin-session]  [adarshpandey_X6nGu2]   [b9e3421e-9715-42cd-ae9b-49f8f6a4adcf]  Generated capabilities for platform 1:, {"browserName":"Edge","browserVersion":"latest","bstack:options":{"userName":"[REDACTED]","accessKey":"[REDACTED]","buildName":"browserstack-build-1","projectName":"BrowserStack Sample","accessibility":null,"buildIdentifier":"#2","os":"Windows","osVersion":"11","browserName":"Edge","browserVersion":"latest","hostName":"comp","browserstackSDK":"python-generic-pythonagent/1.40.0","buildProductMap":{"observability":true,"accessibility":false,"percy":false,"automate":true,"app_automate":false,"turboscale":false,"central_scanner":false,"lts":false},"useW3C":true,"accessibilityOptions":{}}}
2026-03-13T07:06:32.003Z CLI debug [core:bin-session]  [adarshpandey_X6nGu2]   [b9e3421e-9715-42cd-ae9b-49f8f6a4adcf]  Capabilities set for platform 1
2026-03-13T07:06:32.003Z CLI debug [core:bin-session]  [adarshpandey_X6nGu2]   [b9e3421e-9715-42cd-ae9b-49f8f6a4adcf]  Processing platform: 2
2026-03-13T07:06:32.003Z CLI debug  [adarshpandey_X6nGu2]   [b9e3421e-9715-42cd-ae9b-49f8f6a4adcf]  Platform caps before processing (isSecondaryDriver=false): {"os":"OS X","osVersion":"Monterey","browserName":"Safari","browserVersion":"15.6"}
2026-03-13T07:06:32.004Z CLI debug  [adarshpandey_X6nGu2]   [b9e3421e-9715-42cd-ae9b-49f8f6a4adcf]  root caps before processing: {}
2026-03-13T07:06:32.004Z CLI debug  [adarshpandey_X6nGu2]   [b9e3421e-9715-42cd-ae9b-49f8f6a4adcf]  bstack caps before processing: {"userName":"[REDACTED]","accessKey":"[REDACTED]","buildName":"browserstack-build-1","projectName":"BrowserStack Sample","accessibility":null,"buildIdentifier":"#2","os":"OS X","osVersion":"Monterey","browserName":"Safari","browserVersion":"15.6","hostName":"comp","browserstackSDK":"python-generic-pythonagent/1.40.0"}
2026-03-13T07:06:32.004Z CLI debug  [adarshpandey_X6nGu2]   [b9e3421e-9715-42cd-ae9b-49f8f6a4adcf]  root caps after processing: {}
2026-03-13T07:06:32.004Z CLI debug  [adarshpandey_X6nGu2]   [b9e3421e-9715-42cd-ae9b-49f8f6a4adcf]  bstack caps after processing: {"userName":"[REDACTED]","accessKey":"[REDACTED]","buildName":"browserstack-build-1","projectName":"BrowserStack Sample","accessibility":null,"buildIdentifier":"#2","os":"OS X","osVersion":"Monterey","browserName":"Safari","browserVersion":"15.6","hostName":"comp","browserstackSDK":"python-generic-pythonagent/1.40.0"}
2026-03-13T07:06:32.004Z CLI debug [core:bin-session]  [adarshpandey_X6nGu2]   [b9e3421e-9715-42cd-ae9b-49f8f6a4adcf]  Generated capabilities for platform 2:, {"browserName":"Safari","browserVersion":"15.6","bstack:options":{"userName":"[REDACTED]","accessKey":"[REDACTED]","buildName":"browserstack-build-1","projectName":"BrowserStack Sample","accessibility":null,"buildIdentifier":"#2","os":"OS X","osVersion":"Monterey","browserName":"Safari","browserVersion":"15.6","hostName":"comp","browserstackSDK":"python-generic-pythonagent/1.40.0","buildProductMap":{"observability":true,"accessibility":false,"percy":false,"automate":true,"app_automate":false,"turboscale":false,"central_scanner":false,"lts":false},"useW3C":true,"accessibilityOptions":{}}}
2026-03-13T07:06:32.005Z CLI debug [core:bin-session]  [adarshpandey_X6nGu2]   [b9e3421e-9715-42cd-ae9b-49f8f6a4adcf]  Capabilities set for platform 2
2026-03-13T07:06:32.005Z CLI debug [core:bin-session]  [adarshpandey_X6nGu2]   [b9e3421e-9715-42cd-ae9b-49f8f6a4adcf]  Processing platform: 3
2026-03-13T07:06:32.005Z CLI debug  [adarshpandey_X6nGu2]   [b9e3421e-9715-42cd-ae9b-49f8f6a4adcf]  Platform caps before processing (isSecondaryDriver=false): {"os":"OS X","osVersion":"Ventura","browserName":"Chrome","browserVersion":"latest"}
2026-03-13T07:06:32.005Z CLI debug  [adarshpandey_X6nGu2]   [b9e3421e-9715-42cd-ae9b-49f8f6a4adcf]  root caps before processing: {}
2026-03-13T07:06:32.006Z CLI debug  [adarshpandey_X6nGu2]   [b9e3421e-9715-42cd-ae9b-49f8f6a4adcf]  bstack caps before processing: {"userName":"[REDACTED]","accessKey":"[REDACTED]","buildName":"browserstack-build-1","projectName":"BrowserStack Sample","accessibility":null,"buildIdentifier":"#2","os":"OS X","osVersion":"Ventura","browserName":"Chrome","browserVersion":"latest","hostName":"comp","browserstackSDK":"python-generic-pythonagent/1.40.0"}
2026-03-13T07:06:32.006Z CLI debug  [adarshpandey_X6nGu2]   [b9e3421e-9715-42cd-ae9b-49f8f6a4adcf]  root caps after processing: {}
2026-03-13T07:06:32.006Z CLI debug  [adarshpandey_X6nGu2]   [b9e3421e-9715-42cd-ae9b-49f8f6a4adcf]  bstack caps after processing: {"userName":"[REDACTED]","accessKey":"[REDACTED]","buildName":"browserstack-build-1","projectName":"BrowserStack Sample","accessibility":null,"buildIdentifier":"#2","os":"OS X","osVersion":"Ventura","browserName":"Chrome","browserVersion":"latest","hostName":"comp","browserstackSDK":"python-generic-pythonagent/1.40.0"}
2026-03-13T07:06:32.006Z CLI debug [core:bin-session]  [adarshpandey_X6nGu2]   [b9e3421e-9715-42cd-ae9b-49f8f6a4adcf]  Generated capabilities for platform 3:, {"browserName":"Chrome","browserVersion":"latest","bstack:options":{"userName":"[REDACTED]","accessKey":"[REDACTED]","buildName":"browserstack-build-1","projectName":"BrowserStack Sample","accessibility":null,"buildIdentifier":"#2","os":"OS X","osVersion":"Ventura","browserName":"Chrome","browserVersion":"latest","hostName":"comp","browserstackSDK":"python-generic-pythonagent/1.40.0","buildProductMap":{"observability":true,"accessibility":false,"percy":false,"automate":true,"app_automate":false,"turboscale":false,"central_scanner":false,"lts":false},"useW3C":true,"accessibilityOptions":{}}}
2026-03-13T07:06:32.006Z CLI debug [core:bin-session]  [adarshpandey_X6nGu2]   [b9e3421e-9715-42cd-ae9b-49f8f6a4adcf]  Capabilities set for platform 3
2026-03-13T07:06:32.006Z CLI debug [core:bin-session]  [adarshpandey_X6nGu2]   [b9e3421e-9715-42cd-ae9b-49f8f6a4adcf]  Processing platform: 4
2026-03-13T07:06:32.006Z CLI debug  [adarshpandey_X6nGu2]   [b9e3421e-9715-42cd-ae9b-49f8f6a4adcf]  Platform caps before processing (isSecondaryDriver=false): {"deviceName":"iPhone 13","osVersion":"15","browserName":"Chromium","deviceOrientation":"portrait"}
2026-03-13T07:06:32.007Z CLI debug  [adarshpandey_X6nGu2]   [b9e3421e-9715-42cd-ae9b-49f8f6a4adcf]  root caps before processing: {}
2026-03-13T07:06:32.007Z CLI debug  [adarshpandey_X6nGu2]   [b9e3421e-9715-42cd-ae9b-49f8f6a4adcf]  bstack caps before processing: {"userName":"[REDACTED]","accessKey":"[REDACTED]","buildName":"browserstack-build-1","projectName":"BrowserStack Sample","accessibility":null,"buildIdentifier":"#2","deviceName":"iPhone 13","osVersion":"15","browserName":"Chromium","deviceOrientation":"portrait","hostName":"comp","browserstackSDK":"python-generic-pythonagent/1.40.0"}
2026-03-13T07:06:32.007Z CLI debug  [adarshpandey_X6nGu2]   [b9e3421e-9715-42cd-ae9b-49f8f6a4adcf]  root caps after processing: {}
2026-03-13T07:06:32.007Z CLI debug  [adarshpandey_X6nGu2]   [b9e3421e-9715-42cd-ae9b-49f8f6a4adcf]  bstack caps after processing: {"userName":"[REDACTED]","accessKey":"[REDACTED]","buildName":"browserstack-build-1","projectName":"BrowserStack Sample","accessibility":null,"buildIdentifier":"#2","deviceName":"iPhone 13","osVersion":"15","browserName":"Chromium","deviceOrientation":"portrait","hostName":"comp","browserstackSDK":"python-generic-pythonagent/1.40.0"}
2026-03-13T07:06:32.007Z CLI debug [core:bin-session]  [adarshpandey_X6nGu2]   [b9e3421e-9715-42cd-ae9b-49f8f6a4adcf]  Generated capabilities for platform 4:, {"browserName":"Chromium","bstack:options":{"userName":"[REDACTED]","accessKey":"[REDACTED]","buildName":"browserstack-build-1","projectName":"BrowserStack Sample","accessibility":null,"buildIdentifier":"#2","deviceName":"iPhone 13","osVersion":"15","browserName":"Chromium","deviceOrientation":"portrait","hostName":"comp","browserstackSDK":"python-generic-pythonagent/1.40.0","buildProductMap":{"observability":true,"accessibility":false,"percy":false,"automate":true,"app_automate":false,"turboscale":false,"central_scanner":false,"lts":false},"useW3C":true,"accessibilityOptions":{}}}
2026-03-13T07:06:32.007Z CLI debug [core:bin-session]  [adarshpandey_X6nGu2]   [b9e3421e-9715-42cd-ae9b-49f8f6a4adcf]  Capabilities set for platform 4
2026-03-13T07:06:32.007Z CLI debug [core:bin-session]  [adarshpandey_X6nGu2]   [b9e3421e-9715-42cd-ae9b-49f8f6a4adcf]  Finished generating capabilities for all platforms. session {"binSessionId":"b9e3421e-9715-42cd-ae9b-49f8f6a4adcf","sdkLanguage":"python","sdkVersion":"1.40.0","pathProject":"/home/ap/Desktop/other/bsad","pathConfig":"/home/ap/Desktop/other/bsad/browserstack.yml","envVars":{"BROWSERSTACK_WRITABLE_DIR":"/home/ap/.browserstack/cli","BROWSERSTACK_BINARY_IS_RUNNING":"True","BROWSERSTACK_CLI_BIN_LISTEN_ADDR":"unix:/tmp/sdk-platform-b9e3421e-9715-42cd-ae9b-49f8f6a4adcf.sock","BROWSERSTACK_USERNAME":"[REDACTED]","BSTACK_COMBINED_BUILD_ID":"#4","BROWSERSTACK_AUTOMATION":"true","BROWSERSTACK_CLI_HOOKS":"true","BROWSERSTACK_ACCESS_KEY":"[REDACTED]"},"cliArgs":["/home/ap/.local/bin/browserstack-sdk","python","project/main.py"],"frameworks":["python-generic","selenium"],"frameworkVersions":{"selenium":"4.41.0","python-generic":"unknown"},"language":"python","testFramework":"python-generic","clientWorkerId":"131137746206720-10336","platformIndex":"0","id":"b9e3421e-9715-42cd-ae9b-49f8f6a4adcf","config":{"userName":"[REDACTED]","accessKey":"[REDACTED]","platforms":[{"os":"Windows","osVersion":"10","browserName":"Chrome","browserVersion":"120.0"},{"os":"Windows","osVersion":"11","browserName":"Edge","browserVersion":"latest"},{"os":"OS X","osVersion":"Monterey","browserName":"Safari","browserVersion":"15.6"},{"os":"OS X","osVersion":"Ventura","browserName":"Chrome","browserVersion":"latest"},{"deviceName":"iPhone 13","osVersion":"15","browserName":"Chromium","deviceOrientation":"portrait"}],"browserstackLocal":true,"buildName":"browserstack-build-1","projectName":"BrowserStack Sample","testObservability":true,"accessibility":null,"browserstackAutomation":true,"selfHeal":false,"disableAutoCaptureLogs":false,"testhub":true,"additionalPlatforms":[],"additionalParams":{},"testContextOptions":{"skipSessionStatus":false,"skipSessionName":false},"buildIdentifier":"#2","browserStackLocalOptions":{"localIdentifier":"Mar_13_1236_comp_ddtg","key":"[REDACTED]","skipBinaryInitialisation":false},"proxySettings":{}},"ciInfo":{"build_number":null},"versionControlInfo":{"name":"git","sha":"256c74a1f7484d20a272f0a07fbc73f1d05473ff","short_sha":"256c74a1f7","branch":"main","tag":null,"committer":"adarshpandey515 <adarsh.224386101@vcet.edu.in>","committer_date":"2026-03-13T06:55:09.000Z","author":"adarshpandey515 <adarsh.224386101@vcet.edu.in>","author_date":"2026-03-13T06:55:09.000Z","commit_message":"Updated","root":"/home/ap/Desktop/other/bsad","common_git_dir":"/home/ap/Desktop/other/bsad/.git","worktree_git_dir":"/home/ap/Desktop/other/bsad/.git","last_tag":null,"commits_since_last_tag":0,"remotes":[{"name":"main","url":"https://github.com/adarshpandey515/browserstackassignment"},{"name":"origin","url":"https://github.com/adarshpandey515/browserstackassignment.git"}]},"hostInfo":{"hostname":"comp","platform":"linux","type":"Linux","version":"#104~22.04.1-Ubuntu SMP PREEMPT_DYNAMIC Mon Feb 16 20:22:09 UTC ","arch":"x64"},"data":{},"isAppAutomate":false,"browserstackSDK":"python-generic-pythonagent/1.40.0","productMap":{"observability":true,"accessibility":false,"percy":false,"automate":true,"app_automate":false,"turboscale":false,"central_scanner":false,"lts":false},"apis":{"automate":{"hub":"https://hub.browserstack.com","cdp":"wss://cdp.browserstack.com","api":"https://api.browserstack.com","upload":"https://api-cloud.browserstack.com"},"appAutomate":{"hub":"https://hub.browserstack.com","cdp":"wss://cdp.browserstack.com","api":"https://api.browserstack.com","upload":"https://api-cloud.browserstack.com"},"percy":{"api":"https://api.browserstack.com"},"turboScale":{"api":"https://grid.browserstack.com"},"accessibility":{"api":"https://accessibility.browserstack.com"},"appAccessibility":{"api":"https://app-accessibility.browserstack.com"},"observability":{"api":"https://collector-observability.browserstack.com","upload":"https://upload-observability.browserstack.com","instrument":"https://api-observability.browserstack.com"},"configServer":{"api":"https://sdk.browserstack.com"},"edsInstrumentation":{"api":"https://eds.browserstack.com"},"tcg":{"api":"https://tcg.browserstack.com"}},"centralAuthFlow":false}
2026-03-13T07:06:32.016Z CLI debug [sdk:service]  [adarshpandey_X6nGu2]   [b9e3421e-9715-42cd-ae9b-49f8f6a4adcf]  StartBinSession completed: time=16154.713670999743
2026-03-13T07:06:32.022Z CLI debug  [adarshpandey_X6nGu2]   [b9e3421e-9715-42cd-ae9b-49f8f6a4adcf]  Not Needed to write this in file sdk:cli:startBinSession {"name":"sdk:cli:startBinSession","entryType":"measure","startTime":1773385575862.385,"duration":16145.748912000097,"detail":null,"success":true,"failure":null,"worker":"131137746206720-10336","platform":"0"}
2026-03-13T07:06:32.023Z CLI debug  [adarshpandey_X6nGu2]   [b9e3421e-9715-42cd-ae9b-49f8f6a4adcf]  Not Needed to write this in file sdk:hook:onStart:_0x5f04de {"name":"sdk:hook:onStart:_0x5f04de","entryType":"measure","startTime":1773385586542.1035,"duration":5455.953774000052,"detail":null,"success":false,"failure":{},"worker":"131137746206720-10336","platform":"0"}
2026-03-13T07:06:32.023Z CLI debug  [adarshpandey_X6nGu2]   [b9e3421e-9715-42cd-ae9b-49f8f6a4adcf]  Need to write this in file sdk:automate:local
2026-03-13T07:06:32.023Z CLI debug  [adarshpandey_X6nGu2]   [b9e3421e-9715-42cd-ae9b-49f8f6a4adcf]  Not Needed to write this in file sdk:hook:onStart:appautomate:module {"name":"sdk:hook:onStart:appautomate:module","entryType":"measure","startTime":1773385591998.112,"duration":0.14087700005620718,"detail":null,"success":false,"failure":{},"worker":"131137746206720-10336","platform":"0"}
